-------------------------------------------------------------------------------
Test set: ru.akozlovskiy.library.controller.BookControllerTest
-------------------------------------------------------------------------------
Tests run: 2, Failures: 0, Errors: 2, Skipped: 0, Time elapsed: 6.505 s <<< FAILURE! - in ru.akozlovskiy.library.controller.BookControllerTest
testAddBook  Time elapsed: 0.002 s  <<< ERROR!
java.lang.IllegalStateException: Failed to load ApplicationContext
Caused by: org.springframework.beans.factory.UnsatisfiedDependencyException: Error creating bean with name 'bookController' defined in file [C:\workspace\2019-08-otus-spring-akozlovskiy\docker_test\library\target\classes\ru\akozlovskiy\library\controller\BookController.class]: Unsatisfied dependency expressed through constructor parameter 3; nested exception is org.springframework.beans.factory.NoSuchBeanDefinitionException: No qualifying bean of type 'ru.akozlovskiy.library.mq.UserActivityEmitterService' available: expected at least 1 bean which qualifies as autowire candidate. Dependency annotations: {}
Caused by: org.springframework.beans.factory.NoSuchBeanDefinitionException: No qualifying bean of type 'ru.akozlovskiy.library.mq.UserActivityEmitterService' available: expected at least 1 bean which qualifies as autowire candidate. Dependency annotations: {}

testShowUpdateBookPage  Time elapsed: 0 s  <<< ERROR!
java.lang.IllegalStateException: Failed to load ApplicationContext
Caused by: org.springframework.beans.factory.UnsatisfiedDependencyException: Error creating bean with name 'bookController' defined in file [C:\workspace\2019-08-otus-spring-akozlovskiy\docker_test\library\target\classes\ru\akozlovskiy\library\controller\BookController.class]: Unsatisfied dependency expressed through constructor parameter 3; nested exception is org.springframework.beans.factory.NoSuchBeanDefinitionException: No qualifying bean of type 'ru.akozlovskiy.library.mq.UserActivityEmitterService' available: expected at least 1 bean which qualifies as autowire candidate. Dependency annotations: {}
Caused by: org.springframework.beans.factory.NoSuchBeanDefinitionException: No qualifying bean of type 'ru.akozlovskiy.library.mq.UserActivityEmitterService' available: expected at least 1 bean which qualifies as autowire candidate. Dependency annotations: {}

