<?xml version="1.0" encoding="UTF-8"?>
<testsuite xmlns:xsi="http://www.w3.org/2001/XMLSchema-instance" xsi:noNamespaceSchemaLocation="https://maven.apache.org/surefire/maven-surefire-plugin/xsd/surefire-test-report.xsd" name="ru.akozlovskiy.library.controller.AuthorControllerTest" time="7.644" tests="3" errors="0" skipped="0" failures="0">
  <properties>
[...]
</properties>
  <testcase name="testUpdateAuthor" classname="ru.akozlovskiy.library.controller.AuthorControllerTest" time="0.28"/>
  <testcase name="testAddAuthor" classname="ru.akozlovskiy.library.controller.AuthorControllerTest" time="0.087"/>
  <testcase name="testShowUpdateAuthorPage" classname="ru.akozlovskiy.library.controller.AuthorControllerTest" time="0.393"/>
</testsuite>